[2022-10-31 06:55:35.799] [exthost] [info] Extension host with pid 85 started
[2022-10-31 06:55:35.801] [exthost] [error] Error: ENOENT: no such file or directory, open '/home/coder/.local/share/code-server/User/workspaceStorage/-2fd6ccab/vscode.lock'
[2022-10-31 06:55:35.801] [exthost] [error] Error: ENOENT: no such file or directory, open '/home/coder/.local/share/code-server/User/workspaceStorage/-2fd6ccab/vscode.lock'
[2022-10-31 06:55:35.801] [exthost] [info] Lock '/home/coder/.local/share/code-server/User/workspaceStorage/-2fd6ccab/vscode.lock': Could not acquire lock, checking if the file is stale.
[2022-10-31 06:55:35.802] [exthost] [error] Error: ENOENT: no such file or directory, open '/home/coder/.local/share/code-server/User/workspaceStorage/-2fd6ccab/vscode.lock'
[2022-10-31 06:55:35.802] [exthost] [info] Lock '/home/coder/.local/share/code-server/User/workspaceStorage/-2fd6ccab/vscode.lock': Could not read pid of lock holder.
[2022-10-31 06:55:35.802] [exthost] [info] Lock '/home/coder/.local/share/code-server/User/workspaceStorage/-2fd6ccab/vscode.lock': Deleting a stale lock.
[2022-10-31 06:55:35.803] [exthost] [error] Error: ENOENT: no such file or directory, open '/home/coder/.local/share/code-server/User/workspaceStorage/-2fd6ccab/vscode.lock'
[2022-10-31 06:55:35.803] [exthost] [error] Error: ENOENT: no such file or directory, open '/home/coder/.local/share/code-server/User/workspaceStorage/-2fd6ccab/vscode.lock'
[2022-10-31 06:55:35.803] [exthost] [info] Lock '/home/coder/.local/share/code-server/User/workspaceStorage/-2fd6ccab/vscode.lock': Could not acquire lock, giving up.
[2022-10-31 06:55:35.804] [exthost] [error] Error: ENOENT: no such file or directory, open '/home/coder/.local/share/code-server/User/workspaceStorage/-2fd6ccab-1/vscode.lock'
[2022-10-31 06:55:35.804] [exthost] [error] Error: ENOENT: no such file or directory, open '/home/coder/.local/share/code-server/User/workspaceStorage/-2fd6ccab-1/vscode.lock'
[2022-10-31 06:55:35.804] [exthost] [info] Lock '/home/coder/.local/share/code-server/User/workspaceStorage/-2fd6ccab-1/vscode.lock': Could not acquire lock, checking if the file is stale.
[2022-10-31 06:55:35.804] [exthost] [error] Error: ENOENT: no such file or directory, open '/home/coder/.local/share/code-server/User/workspaceStorage/-2fd6ccab-1/vscode.lock'
[2022-10-31 06:55:35.804] [exthost] [info] Lock '/home/coder/.local/share/code-server/User/workspaceStorage/-2fd6ccab-1/vscode.lock': Could not read pid of lock holder.
[2022-10-31 06:55:35.804] [exthost] [info] Lock '/home/coder/.local/share/code-server/User/workspaceStorage/-2fd6ccab-1/vscode.lock': Deleting a stale lock.
[2022-10-31 06:55:35.805] [exthost] [error] Error: ENOENT: no such file or directory, open '/home/coder/.local/share/code-server/User/workspaceStorage/-2fd6ccab-1/vscode.lock'
[2022-10-31 06:55:35.805] [exthost] [error] Error: ENOENT: no such file or directory, open '/home/coder/.local/share/code-server/User/workspaceStorage/-2fd6ccab-1/vscode.lock'
[2022-10-31 06:55:35.805] [exthost] [info] Lock '/home/coder/.local/share/code-server/User/workspaceStorage/-2fd6ccab-1/vscode.lock': Could not acquire lock, giving up.
[2022-10-31 06:55:35.805] [exthost] [error] Error: ENOENT: no such file or directory, open '/home/coder/.local/share/code-server/User/workspaceStorage/-2fd6ccab-2/vscode.lock'
[2022-10-31 06:55:35.806] [exthost] [error] Error: ENOENT: no such file or directory, open '/home/coder/.local/share/code-server/User/workspaceStorage/-2fd6ccab-2/vscode.lock'
[2022-10-31 06:55:35.806] [exthost] [info] Lock '/home/coder/.local/share/code-server/User/workspaceStorage/-2fd6ccab-2/vscode.lock': Could not acquire lock, checking if the file is stale.
[2022-10-31 06:55:35.806] [exthost] [error] Error: ENOENT: no such file or directory, open '/home/coder/.local/share/code-server/User/workspaceStorage/-2fd6ccab-2/vscode.lock'
[2022-10-31 06:55:35.806] [exthost] [info] Lock '/home/coder/.local/share/code-server/User/workspaceStorage/-2fd6ccab-2/vscode.lock': Could not read pid of lock holder.
[2022-10-31 06:55:35.806] [exthost] [info] Lock '/home/coder/.local/share/code-server/User/workspaceStorage/-2fd6ccab-2/vscode.lock': Deleting a stale lock.
[2022-10-31 06:55:35.806] [exthost] [error] Error: ENOENT: no such file or directory, open '/home/coder/.local/share/code-server/User/workspaceStorage/-2fd6ccab-2/vscode.lock'
[2022-10-31 06:55:35.806] [exthost] [error] Error: ENOENT: no such file or directory, open '/home/coder/.local/share/code-server/User/workspaceStorage/-2fd6ccab-2/vscode.lock'
[2022-10-31 06:55:35.806] [exthost] [info] Lock '/home/coder/.local/share/code-server/User/workspaceStorage/-2fd6ccab-2/vscode.lock': Could not acquire lock, giving up.
[2022-10-31 06:55:35.807] [exthost] [error] Error: ENOENT: no such file or directory, open '/home/coder/.local/share/code-server/User/workspaceStorage/-2fd6ccab-3/vscode.lock'
[2022-10-31 06:55:35.807] [exthost] [error] Error: ENOENT: no such file or directory, open '/home/coder/.local/share/code-server/User/workspaceStorage/-2fd6ccab-3/vscode.lock'
[2022-10-31 06:55:35.807] [exthost] [info] Lock '/home/coder/.local/share/code-server/User/workspaceStorage/-2fd6ccab-3/vscode.lock': Could not acquire lock, checking if the file is stale.
[2022-10-31 06:55:35.807] [exthost] [error] Error: ENOENT: no such file or directory, open '/home/coder/.local/share/code-server/User/workspaceStorage/-2fd6ccab-3/vscode.lock'
[2022-10-31 06:55:35.807] [exthost] [info] Lock '/home/coder/.local/share/code-server/User/workspaceStorage/-2fd6ccab-3/vscode.lock': Could not read pid of lock holder.
[2022-10-31 06:55:35.807] [exthost] [info] Lock '/home/coder/.local/share/code-server/User/workspaceStorage/-2fd6ccab-3/vscode.lock': Deleting a stale lock.
[2022-10-31 06:55:35.808] [exthost] [error] Error: ENOENT: no such file or directory, open '/home/coder/.local/share/code-server/User/workspaceStorage/-2fd6ccab-3/vscode.lock'
[2022-10-31 06:55:35.808] [exthost] [error] Error: ENOENT: no such file or directory, open '/home/coder/.local/share/code-server/User/workspaceStorage/-2fd6ccab-3/vscode.lock'
[2022-10-31 06:55:35.808] [exthost] [info] Lock '/home/coder/.local/share/code-server/User/workspaceStorage/-2fd6ccab-3/vscode.lock': Could not acquire lock, giving up.
[2022-10-31 06:55:35.808] [exthost] [error] Error: ENOENT: no such file or directory, open '/home/coder/.local/share/code-server/User/workspaceStorage/-2fd6ccab-4/vscode.lock'
[2022-10-31 06:55:35.809] [exthost] [error] Error: ENOENT: no such file or directory, open '/home/coder/.local/share/code-server/User/workspaceStorage/-2fd6ccab-4/vscode.lock'
[2022-10-31 06:55:35.809] [exthost] [info] Lock '/home/coder/.local/share/code-server/User/workspaceStorage/-2fd6ccab-4/vscode.lock': Could not acquire lock, checking if the file is stale.
[2022-10-31 06:55:35.809] [exthost] [error] Error: ENOENT: no such file or directory, open '/home/coder/.local/share/code-server/User/workspaceStorage/-2fd6ccab-4/vscode.lock'
[2022-10-31 06:55:35.809] [exthost] [info] Lock '/home/coder/.local/share/code-server/User/workspaceStorage/-2fd6ccab-4/vscode.lock': Could not read pid of lock holder.
[2022-10-31 06:55:35.809] [exthost] [info] Lock '/home/coder/.local/share/code-server/User/workspaceStorage/-2fd6ccab-4/vscode.lock': Deleting a stale lock.
[2022-10-31 06:55:35.809] [exthost] [error] Error: ENOENT: no such file or directory, open '/home/coder/.local/share/code-server/User/workspaceStorage/-2fd6ccab-4/vscode.lock'
[2022-10-31 06:55:35.809] [exthost] [error] Error: ENOENT: no such file or directory, open '/home/coder/.local/share/code-server/User/workspaceStorage/-2fd6ccab-4/vscode.lock'
[2022-10-31 06:55:35.809] [exthost] [info] Lock '/home/coder/.local/share/code-server/User/workspaceStorage/-2fd6ccab-4/vscode.lock': Could not acquire lock, giving up.
[2022-10-31 06:55:35.810] [exthost] [error] Error: ENOENT: no such file or directory, open '/home/coder/.local/share/code-server/User/workspaceStorage/-2fd6ccab-5/vscode.lock'
[2022-10-31 06:55:35.810] [exthost] [error] Error: ENOENT: no such file or directory, open '/home/coder/.local/share/code-server/User/workspaceStorage/-2fd6ccab-5/vscode.lock'
[2022-10-31 06:55:35.810] [exthost] [info] Lock '/home/coder/.local/share/code-server/User/workspaceStorage/-2fd6ccab-5/vscode.lock': Could not acquire lock, checking if the file is stale.
[2022-10-31 06:55:35.810] [exthost] [error] Error: ENOENT: no such file or directory, open '/home/coder/.local/share/code-server/User/workspaceStorage/-2fd6ccab-5/vscode.lock'
[2022-10-31 06:55:35.810] [exthost] [info] Lock '/home/coder/.local/share/code-server/User/workspaceStorage/-2fd6ccab-5/vscode.lock': Could not read pid of lock holder.
[2022-10-31 06:55:35.810] [exthost] [info] Lock '/home/coder/.local/share/code-server/User/workspaceStorage/-2fd6ccab-5/vscode.lock': Deleting a stale lock.
[2022-10-31 06:55:35.810] [exthost] [error] Error: ENOENT: no such file or directory, open '/home/coder/.local/share/code-server/User/workspaceStorage/-2fd6ccab-5/vscode.lock'
[2022-10-31 06:55:35.811] [exthost] [error] Error: ENOENT: no such file or directory, open '/home/coder/.local/share/code-server/User/workspaceStorage/-2fd6ccab-5/vscode.lock'
[2022-10-31 06:55:35.811] [exthost] [info] Lock '/home/coder/.local/share/code-server/User/workspaceStorage/-2fd6ccab-5/vscode.lock': Could not acquire lock, giving up.
[2022-10-31 06:55:35.811] [exthost] [error] Error: ENOENT: no such file or directory, open '/home/coder/.local/share/code-server/User/workspaceStorage/-2fd6ccab-6/vscode.lock'
[2022-10-31 06:55:35.811] [exthost] [error] Error: ENOENT: no such file or directory, open '/home/coder/.local/share/code-server/User/workspaceStorage/-2fd6ccab-6/vscode.lock'
[2022-10-31 06:55:35.811] [exthost] [info] Lock '/home/coder/.local/share/code-server/User/workspaceStorage/-2fd6ccab-6/vscode.lock': Could not acquire lock, checking if the file is stale.
[2022-10-31 06:55:35.811] [exthost] [error] Error: ENOENT: no such file or directory, open '/home/coder/.local/share/code-server/User/workspaceStorage/-2fd6ccab-6/vscode.lock'
[2022-10-31 06:55:35.811] [exthost] [info] Lock '/home/coder/.local/share/code-server/User/workspaceStorage/-2fd6ccab-6/vscode.lock': Could not read pid of lock holder.
[2022-10-31 06:55:35.811] [exthost] [info] Lock '/home/coder/.local/share/code-server/User/workspaceStorage/-2fd6ccab-6/vscode.lock': Deleting a stale lock.
[2022-10-31 06:55:35.812] [exthost] [error] Error: ENOENT: no such file or directory, open '/home/coder/.local/share/code-server/User/workspaceStorage/-2fd6ccab-6/vscode.lock'
[2022-10-31 06:55:35.812] [exthost] [error] Error: ENOENT: no such file or directory, open '/home/coder/.local/share/code-server/User/workspaceStorage/-2fd6ccab-6/vscode.lock'
[2022-10-31 06:55:35.812] [exthost] [info] Lock '/home/coder/.local/share/code-server/User/workspaceStorage/-2fd6ccab-6/vscode.lock': Could not acquire lock, giving up.
[2022-10-31 06:55:35.812] [exthost] [error] Error: ENOENT: no such file or directory, open '/home/coder/.local/share/code-server/User/workspaceStorage/-2fd6ccab-7/vscode.lock'
[2022-10-31 06:55:35.812] [exthost] [error] Error: ENOENT: no such file or directory, open '/home/coder/.local/share/code-server/User/workspaceStorage/-2fd6ccab-7/vscode.lock'
[2022-10-31 06:55:35.812] [exthost] [info] Lock '/home/coder/.local/share/code-server/User/workspaceStorage/-2fd6ccab-7/vscode.lock': Could not acquire lock, checking if the file is stale.
[2022-10-31 06:55:35.813] [exthost] [error] Error: ENOENT: no such file or directory, open '/home/coder/.local/share/code-server/User/workspaceStorage/-2fd6ccab-7/vscode.lock'
[2022-10-31 06:55:35.813] [exthost] [info] Lock '/home/coder/.local/share/code-server/User/workspaceStorage/-2fd6ccab-7/vscode.lock': Could not read pid of lock holder.
[2022-10-31 06:55:35.813] [exthost] [info] Lock '/home/coder/.local/share/code-server/User/workspaceStorage/-2fd6ccab-7/vscode.lock': Deleting a stale lock.
[2022-10-31 06:55:35.813] [exthost] [error] Error: ENOENT: no such file or directory, open '/home/coder/.local/share/code-server/User/workspaceStorage/-2fd6ccab-7/vscode.lock'
[2022-10-31 06:55:35.813] [exthost] [error] Error: ENOENT: no such file or directory, open '/home/coder/.local/share/code-server/User/workspaceStorage/-2fd6ccab-7/vscode.lock'
[2022-10-31 06:55:35.813] [exthost] [info] Lock '/home/coder/.local/share/code-server/User/workspaceStorage/-2fd6ccab-7/vscode.lock': Could not acquire lock, giving up.
[2022-10-31 06:55:35.814] [exthost] [error] Error: ENOENT: no such file or directory, open '/home/coder/.local/share/code-server/User/workspaceStorage/-2fd6ccab-8/vscode.lock'
[2022-10-31 06:55:35.814] [exthost] [error] Error: ENOENT: no such file or directory, open '/home/coder/.local/share/code-server/User/workspaceStorage/-2fd6ccab-8/vscode.lock'
[2022-10-31 06:55:35.814] [exthost] [info] Lock '/home/coder/.local/share/code-server/User/workspaceStorage/-2fd6ccab-8/vscode.lock': Could not acquire lock, checking if the file is stale.
[2022-10-31 06:55:35.814] [exthost] [error] Error: ENOENT: no such file or directory, open '/home/coder/.local/share/code-server/User/workspaceStorage/-2fd6ccab-8/vscode.lock'
[2022-10-31 06:55:35.814] [exthost] [info] Lock '/home/coder/.local/share/code-server/User/workspaceStorage/-2fd6ccab-8/vscode.lock': Could not read pid of lock holder.
[2022-10-31 06:55:35.814] [exthost] [info] Lock '/home/coder/.local/share/code-server/User/workspaceStorage/-2fd6ccab-8/vscode.lock': Deleting a stale lock.
[2022-10-31 06:55:35.814] [exthost] [error] Error: ENOENT: no such file or directory, open '/home/coder/.local/share/code-server/User/workspaceStorage/-2fd6ccab-8/vscode.lock'
[2022-10-31 06:55:35.814] [exthost] [error] Error: ENOENT: no such file or directory, open '/home/coder/.local/share/code-server/User/workspaceStorage/-2fd6ccab-8/vscode.lock'
[2022-10-31 06:55:35.814] [exthost] [info] Lock '/home/coder/.local/share/code-server/User/workspaceStorage/-2fd6ccab-8/vscode.lock': Could not acquire lock, giving up.
[2022-10-31 06:55:35.815] [exthost] [error] Error: ENOENT: no such file or directory, open '/home/coder/.local/share/code-server/User/workspaceStorage/-2fd6ccab-9/vscode.lock'
[2022-10-31 06:55:35.815] [exthost] [error] Error: ENOENT: no such file or directory, open '/home/coder/.local/share/code-server/User/workspaceStorage/-2fd6ccab-9/vscode.lock'
[2022-10-31 06:55:35.815] [exthost] [info] Lock '/home/coder/.local/share/code-server/User/workspaceStorage/-2fd6ccab-9/vscode.lock': Could not acquire lock, checking if the file is stale.
[2022-10-31 06:55:35.815] [exthost] [error] Error: ENOENT: no such file or directory, open '/home/coder/.local/share/code-server/User/workspaceStorage/-2fd6ccab-9/vscode.lock'
[2022-10-31 06:55:35.815] [exthost] [info] Lock '/home/coder/.local/share/code-server/User/workspaceStorage/-2fd6ccab-9/vscode.lock': Could not read pid of lock holder.
[2022-10-31 06:55:35.815] [exthost] [info] Lock '/home/coder/.local/share/code-server/User/workspaceStorage/-2fd6ccab-9/vscode.lock': Deleting a stale lock.
[2022-10-31 06:55:35.815] [exthost] [error] Error: ENOENT: no such file or directory, open '/home/coder/.local/share/code-server/User/workspaceStorage/-2fd6ccab-9/vscode.lock'
[2022-10-31 06:55:35.815] [exthost] [error] Error: ENOENT: no such file or directory, open '/home/coder/.local/share/code-server/User/workspaceStorage/-2fd6ccab-9/vscode.lock'
[2022-10-31 06:55:35.815] [exthost] [info] Lock '/home/coder/.local/share/code-server/User/workspaceStorage/-2fd6ccab-9/vscode.lock': Could not acquire lock, giving up.
[2022-10-31 06:55:35.885] [exthost] [info] ExtensionService#_doActivateExtension vscode.debug-auto-launch, startup: true, activationEvent: '*'
[2022-10-31 06:55:35.890] [exthost] [info] ExtensionService#_doActivateExtension vscode.git-base, startup: true, activationEvent: '*'
[2022-10-31 06:55:35.894] [exthost] [info] ExtensionService#_doActivateExtension vscode.ipynb, startup: true, activationEvent: '*'
[2022-10-31 06:55:36.182] [exthost] [error] [ExtHostStorage] {"code":"NoPermissions","name":"NoPermissions (FileSystemError)"}
[2022-10-31 06:55:36.185] [exthost] [info] ExtensionService#_doActivateExtension vscode.github, startup: true, activationEvent: '*'
[2022-10-31 06:55:36.357] [exthost] [info] ExtensionService#_doActivateExtension vscode.emmet, startup: false, activationEvent: 'onStartupFinished'
[2022-10-31 06:55:36.372] [exthost] [info] ExtensionService#_doActivateExtension vscode.merge-conflict, startup: false, activationEvent: 'onStartupFinished'
[2022-10-31 06:55:36.376] [exthost] [info] Eager extensions activated
[2022-10-31 06:55:36.424] [exthost] [warning] [vscode.emmet] Accessing a resource scoped configuration without providing a resource is not expected. To get the effective value for 'emmet.includeLanguages', provide the URI of a resource or 'null' for any resource.
[2022-10-31 06:55:38.817] [exthost] [info] ExtensionService#_doActivateExtension vscode.git, startup: false, activationEvent: 'api', root cause: vscode.github
[2022-10-31 06:55:38.934] [exthost] [warning] [vscode.git] Accessing a resource scoped configuration without providing a resource is not expected. To get the effective value for 'git.commandsToLog', provide the URI of a resource or 'null' for any resource.
